C:\USERS\ADMINISTRATOR\DESKTOP\FIREDOORMONITORPROJECT\FIREDOORMONITOR\DEBUG\FIREDOORMONITOR.EXE
C:\USERS\ADMINISTRATOR\DESKTOP\FIREDOORMONITORPROJECT\FIREDOORMONITOR\DEBUG\FIREDOORMONITOR.EXE.MANIFEST
C:\USERS\ADMINISTRATOR\DESKTOP\FIREDOORMONITORPROJECT\FIREDOORMONITOR\DEBUG\FIREDOORMONITOR.ILK
C:\USERS\ADMINISTRATOR\DESKTOP\FIREDOORMONITORPROJECT\FIREDOORMONITOR\DEBUG\FIREDOORMONITOR.PDB
C:\USERS\ADMINISTRATOR\DESKTOP\FIREDOORMONITORPROJECT\FIREDOORMONITOR\FIREDOORMONITOR\DEBUG\FIREDOOR.OBJ
C:\USERS\ADMINISTRATOR\DESKTOP\FIREDOORMONITORPROJECT\FIREDOORMONITOR\FIREDOORMONITOR\DEBUG\FIREDOORMONITOR.EXE.INTERMEDIATE.MANIFEST
C:\USERS\ADMINISTRATOR\DESKTOP\FIREDOORMONITORPROJECT\FIREDOORMONITOR\FIREDOORMONITOR\DEBUG\MAIN.OBJ
C:\USERS\ADMINISTRATOR\DESKTOP\FIREDOORMONITORPROJECT\FIREDOORMONITOR\FIREDOORMONITOR\DEBUG\PRINTUTILS.OBJ
C:\USERS\ADMINISTRATOR\DESKTOP\FIREDOORMONITORPROJECT\FIREDOORMONITOR\FIREDOORMONITOR\DEBUG\VC100.PDB
C:\USERS\ADMINISTRATOR\DESKTOP\FIREDOORMONITORPROJECT_IMAGE\FIREDOORMONITOR\DEBUG\FIREDOORMONITOR.EXE
C:\USERS\ADMINISTRATOR\DESKTOP\FIREDOORMONITORPROJECT_IMAGE\FIREDOORMONITOR\DEBUG\FIREDOORMONITOR.ILK
C:\USERS\ADMINISTRATOR\DESKTOP\FIREDOORMONITORPROJECT_IMAGE\FIREDOORMONITOR\DEBUG\FIREDOORMONITOR.PDB
C:\USERS\ADMINISTRATOR\DESKTOP\FIREDOORMONITORPROJECT_IMAGE\FIREDOORMONITOR\FIREDOORMONITOR\DEBUG\FIREDOOR.OBJ
C:\USERS\ADMINISTRATOR\DESKTOP\FIREDOORMONITORPROJECT_IMAGE\FIREDOORMONITOR\FIREDOORMONITOR\DEBUG\FIREDOORMONITOR.EXE.INTERMEDIATE.MANIFEST
C:\USERS\ADMINISTRATOR\DESKTOP\FIREDOORMONITORPROJECT_IMAGE\FIREDOORMONITOR\FIREDOORMONITOR\DEBUG\MAIN.OBJ
C:\USERS\ADMINISTRATOR\DESKTOP\FIREDOORMONITORPROJECT_IMAGE\FIREDOORMONITOR\FIREDOORMONITOR\DEBUG\PRINTUTILS.OBJ
C:\USERS\ADMINISTRATOR\DESKTOP\FIREDOORMONITORPROJECT_IMAGE\FIREDOORMONITOR\FIREDOORMONITOR\DEBUG\VC100.PDB
E:\VS-PROJECTS\FIREDOORMONITOR\DEBUG\FIREDOORMONITOR.EXE
E:\VS-PROJECTS\FIREDOORMONITOR\DEBUG\FIREDOORMONITOR.ILK
E:\VS-PROJECTS\FIREDOORMONITOR\DEBUG\FIREDOORMONITOR.PDB
E:\VS-PROJECTS\FIREDOORMONITOR\FIREDOORMONITOR\DEBUG\FIREDOOR.OBJ
E:\VS-PROJECTS\FIREDOORMONITOR\FIREDOORMONITOR\DEBUG\FIREDOORMONITOR.EXE.EMBED.MANIFEST.RES
E:\VS-PROJECTS\FIREDOORMONITOR\FIREDOORMONITOR\DEBUG\FIREDOORMONITOR.EXE.INTERMEDIATE.MANIFEST
E:\VS-PROJECTS\FIREDOORMONITOR\FIREDOORMONITOR\DEBUG\MAIN.OBJ
E:\VS-PROJECTS\FIREDOORMONITOR\FIREDOORMONITOR\DEBUG\PRINTUTILS.OBJ
E:\VS-PROJECTS\FIREDOORMONITOR\FIREDOORMONITOR\DEBUG\UTILS.OBJ
E:\VS-PROJECTS\FIREDOORMONITOR\FIREDOORMONITOR\DEBUG\VC100.PDB
F:\2018.7.28\深圳\FIREDOORMONITORPROJECT_IMAGE\FIREDOORMONITOR\DEBUG\FIREDOORMONITOR.EXE
F:\2018.7.28\深圳\FireDoorMonitorProject_image\FireDoorMonitor\Debug\FireDoorMonitor.exe.manifest
F:\2018.7.28\深圳\FIREDOORMONITORPROJECT_IMAGE\FIREDOORMONITOR\DEBUG\FIREDOORMONITOR.ILK
F:\2018.7.28\深圳\FIREDOORMONITORPROJECT_IMAGE\FIREDOORMONITOR\DEBUG\FIREDOORMONITOR.PDB
F:\2018.7.28\深圳\FireDoorMonitorProject_image\FireDoorMonitor\FireDoorMonitor\Debug\cl.command.1.tlog
F:\2018.7.28\深圳\FireDoorMonitorProject_image\FireDoorMonitor\FireDoorMonitor\Debug\CL.read.1.tlog
F:\2018.7.28\深圳\FireDoorMonitorProject_image\FireDoorMonitor\FireDoorMonitor\Debug\CL.write.1.tlog
F:\2018.7.28\深圳\FIREDOORMONITORPROJECT_IMAGE\FIREDOORMONITOR\FIREDOORMONITOR\DEBUG\FIREDOOR.OBJ
F:\2018.7.28\深圳\FireDoorMonitorProject_image\FireDoorMonitor\FireDoorMonitor\Debug\FireDoorMonitor.exe.embed.manifest
F:\2018.7.28\深圳\FireDoorMonitorProject_image\FireDoorMonitor\FireDoorMonitor\Debug\FireDoorMonitor.exe.embed.manifest.res
F:\2018.7.28\深圳\FIREDOORMONITORPROJECT_IMAGE\FIREDOORMONITOR\FIREDOORMONITOR\DEBUG\FIREDOORMONITOR.EXE.INTERMEDIATE.MANIFEST
F:\2018.7.28\深圳\FireDoorMonitorProject_image\FireDoorMonitor\FireDoorMonitor\Debug\FireDoorMonitor.vcxprojResolveAssemblyReference.cache
F:\2018.7.28\深圳\FireDoorMonitorProject_image\FireDoorMonitor\FireDoorMonitor\Debug\FireDoorMonitor.write.1.tlog
F:\2018.7.28\深圳\FireDoorMonitorProject_image\FireDoorMonitor\FireDoorMonitor\Debug\FireDoorMonitor_manifest.rc
F:\2018.7.28\深圳\FireDoorMonitorProject_image\FireDoorMonitor\FireDoorMonitor\Debug\link.10112.read.1.tlog
F:\2018.7.28\深圳\FireDoorMonitorProject_image\FireDoorMonitor\FireDoorMonitor\Debug\link.10112.write.1.tlog
F:\2018.7.28\深圳\FireDoorMonitorProject_image\FireDoorMonitor\FireDoorMonitor\Debug\link.10112-cvtres.read.1.tlog
F:\2018.7.28\深圳\FireDoorMonitorProject_image\FireDoorMonitor\FireDoorMonitor\Debug\link.10112-cvtres.write.1.tlog
F:\2018.7.28\深圳\FireDoorMonitorProject_image\FireDoorMonitor\FireDoorMonitor\Debug\link.2004.read.1.tlog
F:\2018.7.28\深圳\FireDoorMonitorProject_image\FireDoorMonitor\FireDoorMonitor\Debug\link.2004.write.1.tlog
F:\2018.7.28\深圳\FireDoorMonitorProject_image\FireDoorMonitor\FireDoorMonitor\Debug\link.2004-cvtres.read.1.tlog
F:\2018.7.28\深圳\FireDoorMonitorProject_image\FireDoorMonitor\FireDoorMonitor\Debug\link.2004-cvtres.write.1.tlog
F:\2018.7.28\深圳\FireDoorMonitorProject_image\FireDoorMonitor\FireDoorMonitor\Debug\link.2928.read.1.tlog
F:\2018.7.28\深圳\FireDoorMonitorProject_image\FireDoorMonitor\FireDoorMonitor\Debug\link.2928.write.1.tlog
F:\2018.7.28\深圳\FireDoorMonitorProject_image\FireDoorMonitor\FireDoorMonitor\Debug\link.3820.read.1.tlog
F:\2018.7.28\深圳\FireDoorMonitorProject_image\FireDoorMonitor\FireDoorMonitor\Debug\link.3820.write.1.tlog
F:\2018.7.28\深圳\FireDoorMonitorProject_image\FireDoorMonitor\FireDoorMonitor\Debug\link.3820-cvtres.read.1.tlog
F:\2018.7.28\深圳\FireDoorMonitorProject_image\FireDoorMonitor\FireDoorMonitor\Debug\link.3820-cvtres.write.1.tlog
F:\2018.7.28\深圳\FireDoorMonitorProject_image\FireDoorMonitor\FireDoorMonitor\Debug\link.3840.read.1.tlog
F:\2018.7.28\深圳\FireDoorMonitorProject_image\FireDoorMonitor\FireDoorMonitor\Debug\link.3840.write.1.tlog
F:\2018.7.28\深圳\FireDoorMonitorProject_image\FireDoorMonitor\FireDoorMonitor\Debug\link.3840-cvtres.read.1.tlog
F:\2018.7.28\深圳\FireDoorMonitorProject_image\FireDoorMonitor\FireDoorMonitor\Debug\link.3840-cvtres.write.1.tlog
F:\2018.7.28\深圳\FireDoorMonitorProject_image\FireDoorMonitor\FireDoorMonitor\Debug\link.5008.read.1.tlog
F:\2018.7.28\深圳\FireDoorMonitorProject_image\FireDoorMonitor\FireDoorMonitor\Debug\link.5008.write.1.tlog
F:\2018.7.28\深圳\FireDoorMonitorProject_image\FireDoorMonitor\FireDoorMonitor\Debug\link.5312.read.1.tlog
F:\2018.7.28\深圳\FireDoorMonitorProject_image\FireDoorMonitor\FireDoorMonitor\Debug\link.5312.write.1.tlog
F:\2018.7.28\深圳\FireDoorMonitorProject_image\FireDoorMonitor\FireDoorMonitor\Debug\link.6872.read.1.tlog
F:\2018.7.28\深圳\FireDoorMonitorProject_image\FireDoorMonitor\FireDoorMonitor\Debug\link.6872.write.1.tlog
F:\2018.7.28\深圳\FireDoorMonitorProject_image\FireDoorMonitor\FireDoorMonitor\Debug\link.6872-cvtres.read.1.tlog
F:\2018.7.28\深圳\FireDoorMonitorProject_image\FireDoorMonitor\FireDoorMonitor\Debug\link.6872-cvtres.write.1.tlog
F:\2018.7.28\深圳\FireDoorMonitorProject_image\FireDoorMonitor\FireDoorMonitor\Debug\link.7544.read.1.tlog
F:\2018.7.28\深圳\FireDoorMonitorProject_image\FireDoorMonitor\FireDoorMonitor\Debug\link.7544.write.1.tlog
F:\2018.7.28\深圳\FireDoorMonitorProject_image\FireDoorMonitor\FireDoorMonitor\Debug\link.7560.read.1.tlog
F:\2018.7.28\深圳\FireDoorMonitorProject_image\FireDoorMonitor\FireDoorMonitor\Debug\link.7560.write.1.tlog
F:\2018.7.28\深圳\FireDoorMonitorProject_image\FireDoorMonitor\FireDoorMonitor\Debug\link.7560-cvtres.read.1.tlog
F:\2018.7.28\深圳\FireDoorMonitorProject_image\FireDoorMonitor\FireDoorMonitor\Debug\link.7560-cvtres.write.1.tlog
F:\2018.7.28\深圳\FireDoorMonitorProject_image\FireDoorMonitor\FireDoorMonitor\Debug\link.9140.read.1.tlog
F:\2018.7.28\深圳\FireDoorMonitorProject_image\FireDoorMonitor\FireDoorMonitor\Debug\link.9140.write.1.tlog
F:\2018.7.28\深圳\FireDoorMonitorProject_image\FireDoorMonitor\FireDoorMonitor\Debug\link.9140-cvtres.read.1.tlog
F:\2018.7.28\深圳\FireDoorMonitorProject_image\FireDoorMonitor\FireDoorMonitor\Debug\link.9140-cvtres.write.1.tlog
F:\2018.7.28\深圳\FireDoorMonitorProject_image\FireDoorMonitor\FireDoorMonitor\Debug\link.9724.read.1.tlog
F:\2018.7.28\深圳\FireDoorMonitorProject_image\FireDoorMonitor\FireDoorMonitor\Debug\link.9724.write.1.tlog
F:\2018.7.28\深圳\FireDoorMonitorProject_image\FireDoorMonitor\FireDoorMonitor\Debug\link.9724-cvtres.read.1.tlog
F:\2018.7.28\深圳\FireDoorMonitorProject_image\FireDoorMonitor\FireDoorMonitor\Debug\link.9724-cvtres.write.1.tlog
F:\2018.7.28\深圳\FireDoorMonitorProject_image\FireDoorMonitor\FireDoorMonitor\Debug\link.command.1.tlog
F:\2018.7.28\深圳\FireDoorMonitorProject_image\FireDoorMonitor\FireDoorMonitor\Debug\link.read.1.tlog
F:\2018.7.28\深圳\FireDoorMonitorProject_image\FireDoorMonitor\FireDoorMonitor\Debug\link.write.1.tlog
F:\2018.7.28\深圳\FireDoorMonitorProject_image\FireDoorMonitor\FireDoorMonitor\Debug\link-cvtres.read.1.tlog
F:\2018.7.28\深圳\FireDoorMonitorProject_image\FireDoorMonitor\FireDoorMonitor\Debug\link-cvtres.write.1.tlog
F:\2018.7.28\深圳\FIREDOORMONITORPROJECT_IMAGE\FIREDOORMONITOR\FIREDOORMONITOR\DEBUG\MAIN.OBJ
F:\2018.7.28\深圳\FireDoorMonitorProject_image\FireDoorMonitor\FireDoorMonitor\Debug\mt.command.1.tlog
F:\2018.7.28\深圳\FireDoorMonitorProject_image\FireDoorMonitor\FireDoorMonitor\Debug\mt.read.1.tlog
F:\2018.7.28\深圳\FireDoorMonitorProject_image\FireDoorMonitor\FireDoorMonitor\Debug\mt.write.1.tlog
F:\2018.7.28\深圳\FIREDOORMONITORPROJECT_IMAGE\FIREDOORMONITOR\FIREDOORMONITOR\DEBUG\PRINTUTILS.OBJ
F:\2018.7.28\深圳\FireDoorMonitorProject_image\FireDoorMonitor\FireDoorMonitor\Debug\rc.command.1.tlog
F:\2018.7.28\深圳\FireDoorMonitorProject_image\FireDoorMonitor\FireDoorMonitor\Debug\rc.read.1.tlog
F:\2018.7.28\深圳\FireDoorMonitorProject_image\FireDoorMonitor\FireDoorMonitor\Debug\rc.write.1.tlog
F:\2018.7.28\深圳\FireDoorMonitorProject_image\FireDoorMonitor\FireDoorMonitor\Debug\utils.obj
F:\2018.7.28\深圳\FireDoorMonitorProject_image\FireDoorMonitor\FireDoorMonitor\Debug\vc100.idb
F:\2018.7.28\深圳\FIREDOORMONITORPROJECT_IMAGE\FIREDOORMONITOR\FIREDOORMONITOR\DEBUG\VC100.PDB
