  PrintUtils.cpp
  main.cpp
d:\program files\opencv\build\include\opencv2\flann\result_set.h(306): warning C4003: “max”宏的实参不足
d:\program files\opencv\build\include\opencv2\flann\result_set.h(428): warning C4003: “max”宏的实参不足
d:\program files\opencv\build\include\opencv2\flann\lsh_index.h(203): warning C4003: “max”宏的实参不足
d:\program files\opencv\build\include\opencv2\flann\lsh_index.h(269): warning C4003: “max”宏的实参不足
  FireDoor.cpp
d:\program files\opencv\build\include\opencv2\flann\result_set.h(306): warning C4003: “max”宏的实参不足
d:\program files\opencv\build\include\opencv2\flann\result_set.h(428): warning C4003: “max”宏的实参不足
d:\program files\opencv\build\include\opencv2\flann\lsh_index.h(203): warning C4003: “max”宏的实参不足
d:\program files\opencv\build\include\opencv2\flann\lsh_index.h(269): warning C4003: “max”宏的实参不足
  正在生成代码...
FireDoor.obj : error LNK2019: 无法解析的外部符号 "void __cdecl cv::fastFree(void *)" (?fastFree@cv@@YAXPAX@Z)，该符号在函数 "public: __thiscall cv::Mat::~Mat(void)" (??1Mat@cv@@QAE@XZ) 中被引用
FireDoor.obj : error LNK2019: 无法解析的外部符号 "private: char * __thiscall cv::String::allocate(unsigned int)" (?allocate@String@cv@@AAEPADI@Z)，该符号在函数 "public: __thiscall cv::String::String(char const *)" (??0String@cv@@QAE@PBD@Z) 中被引用
main.obj : error LNK2001: 无法解析的外部符号 "private: char * __thiscall cv::String::allocate(unsigned int)" (?allocate@String@cv@@AAEPADI@Z)
FireDoor.obj : error LNK2019: 无法解析的外部符号 "private: void __thiscall cv::String::deallocate(void)" (?deallocate@String@cv@@AAEXXZ)，该符号在函数 "public: __thiscall cv::String::~String(void)" (??1String@cv@@QAE@XZ) 中被引用
main.obj : error LNK2001: 无法解析的外部符号 "private: void __thiscall cv::String::deallocate(void)" (?deallocate@String@cv@@AAEXXZ)
FireDoor.obj : error LNK2019: 无法解析的外部符号 "void __cdecl cv::error(int,class cv::String const &,char const *,char const *,int)" (?error@cv@@YAXHABVString@1@PBD1H@Z)，该符号在函数 "public: double & __thiscall cv::Mat::at<double>(int,int)" (??$at@N@Mat@cv@@QAEAANHH@Z) 中被引用
FireDoor.obj : error LNK2019: 无法解析的外部符号 "class cv::debug_build_guard::_InputOutputArray const & __cdecl cv::noArray(void)" (?noArray@cv@@YAABV_InputOutputArray@debug_build_guard@1@XZ)，该符号在函数 "private: double __thiscall FireDoor::calcVAR(class cv::Mat)" (?calcVAR@FireDoor@@AAENVMat@cv@@@Z) 中被引用
FireDoor.obj : error LNK2019: 无法解析的外部符号 "public: __thiscall cv::Mat::Mat(class cv::Mat const &,class cv::Rect_<int> const &)" (??0Mat@cv@@QAE@ABV01@ABV?$Rect_@H@1@@Z)，该符号在函数 "private: class cv::Mat __thiscall FireDoor::correctHSVImg(void)" (?correctHSVImg@FireDoor@@AAE?AVMat@cv@@XZ) 中被引用
FireDoor.obj : error LNK2019: 无法解析的外部符号 "public: void __thiscall cv::Mat::deallocate(void)" (?deallocate@Mat@cv@@QAEXXZ)，该符号在函数 "public: void __thiscall cv::Mat::release(void)" (?release@Mat@cv@@QAEXXZ) 中被引用
FireDoor.obj : error LNK2019: 无法解析的外部符号 "public: void __thiscall cv::Mat::copySize(class cv::Mat const &)" (?copySize@Mat@cv@@QAEXABV12@@Z)，该符号在函数 "public: __thiscall cv::Mat::Mat(class cv::Mat const &)" (??0Mat@cv@@QAE@ABV01@@Z) 中被引用
FireDoor.obj : error LNK2019: 无法解析的外部符号 "public: void __thiscall cv::MatConstIterator::seek(int,bool)" (?seek@MatConstIterator@cv@@QAEXH_N@Z)，该符号在函数 "public: class cv::MatConstIterator & __thiscall cv::MatConstIterator::operator++(void)" (??EMatConstIterator@cv@@QAEAAV01@XZ) 中被引用
FireDoor.obj : error LNK2019: 无法解析的外部符号 "public: void __thiscall cv::MatConstIterator::seek(int const *,bool)" (?seek@MatConstIterator@cv@@QAEXPBH_N@Z)，该符号在函数 "public: __thiscall cv::MatConstIterator::MatConstIterator(class cv::Mat const *)" (??0MatConstIterator@cv@@QAE@PBVMat@1@@Z) 中被引用
FireDoor.obj : error LNK2019: 无法解析的外部符号 "void __cdecl cv::meanStdDev(class cv::debug_build_guard::_InputArray const &,class cv::debug_build_guard::_OutputArray const &,class cv::debug_build_guard::_OutputArray const &,class cv::debug_build_guard::_InputArray const &)" (?meanStdDev@cv@@YAXABV_InputArray@debug_build_guard@1@ABV_OutputArray@31@10@Z)，该符号在函数 "private: double __thiscall FireDoor::calcVAR(class cv::Mat)" (?calcVAR@FireDoor@@AAENVMat@cv@@@Z) 中被引用
FireDoor.obj : error LNK2019: 无法解析的外部符号 "void __cdecl cv::split(class cv::debug_build_guard::_InputArray const &,class cv::debug_build_guard::_OutputArray const &)" (?split@cv@@YAXABV_InputArray@debug_build_guard@1@ABV_OutputArray@31@@Z)，该符号在函数 "private: double __thiscall FireDoor::calcHSV(void)" (?calcHSV@FireDoor@@AAENXZ) 中被引用
FireDoor.obj : error LNK2019: 无法解析的外部符号 "void __cdecl cv::calcCovarMatrix(class cv::debug_build_guard::_InputArray const &,class cv::debug_build_guard::_OutputArray const &,class cv::debug_build_guard::_InputOutputArray const &,int,int)" (?calcCovarMatrix@cv@@YAXABV_InputArray@debug_build_guard@1@ABV_OutputArray@31@ABV_InputOutputArray@31@HH@Z)，该符号在函数 "private: double __thiscall FireDoor::calcVAR(class cv::Mat)" (?calcVAR@FireDoor@@AAENVMat@cv@@@Z) 中被引用
FireDoor.obj : error LNK2019: 无法解析的外部符号 "class cv::Mat __cdecl cv::imread(class cv::String const &,int)" (?imread@cv@@YA?AVMat@1@ABVString@1@H@Z)，该符号在函数 "public: __thiscall FireDoor::FireDoor(class cv::String,char * *)" (??0FireDoor@@QAE@VString@cv@@PAPAD@Z) 中被引用
FireDoor.obj : error LNK2019: 无法解析的外部符号 "void __cdecl cv::imshow(class cv::String const &,class cv::debug_build_guard::_InputArray const &)" (?imshow@cv@@YAXABVString@1@ABV_InputArray@debug_build_guard@1@@Z)，该符号在函数 "private: class cv::Mat __thiscall FireDoor::correctgrayImg(void)" (?correctgrayImg@FireDoor@@AAE?AVMat@cv@@XZ) 中被引用
FireDoor.obj : error LNK2019: 无法解析的外部符号 "void __cdecl cv::medianBlur(class cv::debug_build_guard::_InputArray const &,class cv::debug_build_guard::_OutputArray const &,int)" (?medianBlur@cv@@YAXABV_InputArray@debug_build_guard@1@ABV_OutputArray@31@H@Z)，该符号在函数 "private: double __thiscall FireDoor::proportion(void)" (?proportion@FireDoor@@AAENXZ) 中被引用
FireDoor.obj : error LNK2019: 无法解析的外部符号 "void __cdecl cv::Canny(class cv::debug_build_guard::_InputArray const &,class cv::debug_build_guard::_OutputArray const &,double,double,int,bool)" (?Canny@cv@@YAXABV_InputArray@debug_build_guard@1@ABV_OutputArray@31@NNH_N@Z)，该符号在函数 "private: double __thiscall FireDoor::proportion(void)" (?proportion@FireDoor@@AAENXZ) 中被引用
FireDoor.obj : error LNK2019: 无法解析的外部符号 "void __cdecl cv::resize(class cv::debug_build_guard::_InputArray const &,class cv::debug_build_guard::_OutputArray const &,class cv::Size_<int>,double,double,int)" (?resize@cv@@YAXABV_InputArray@debug_build_guard@1@ABV_OutputArray@31@V?$Size_@H@1@NNH@Z)，该符号在函数 "public: __thiscall FireDoor::FireDoor(class cv::String,char * *)" (??0FireDoor@@QAE@VString@cv@@PAPAD@Z) 中被引用
FireDoor.obj : error LNK2019: 无法解析的外部符号 "void __cdecl cv::warpPerspective(class cv::debug_build_guard::_InputArray const &,class cv::debug_build_guard::_OutputArray const &,class cv::debug_build_guard::_InputArray const &,class cv::Size_<int>,int,int,class cv::Scalar_<double> const &)" (?warpPerspective@cv@@YAXABV_InputArray@debug_build_guard@1@ABV_OutputArray@31@0V?$Size_@H@1@HHABV?$Scalar_@N@1@@Z)，该符号在函数 "private: class cv::Mat __thiscall FireDoor::correct(class cv::Mat)" (?correct@FireDoor@@AAE?AVMat@cv@@V23@@Z) 中被引用
FireDoor.obj : error LNK2019: 无法解析的外部符号 "class cv::Mat __cdecl cv::getPerspectiveTransform(class cv::debug_build_guard::_InputArray const &,class cv::debug_build_guard::_InputArray const &)" (?getPerspectiveTransform@cv@@YA?AVMat@1@ABV_InputArray@debug_build_guard@1@0@Z)，该符号在函数 "private: class cv::Mat __thiscall FireDoor::correct(class cv::Mat)" (?correct@FireDoor@@AAE?AVMat@cv@@V23@@Z) 中被引用
FireDoor.obj : error LNK2019: 无法解析的外部符号 "void __cdecl cv::cvtColor(class cv::debug_build_guard::_InputArray const &,class cv::debug_build_guard::_OutputArray const &,int,int)" (?cvtColor@cv@@YAXABV_InputArray@debug_build_guard@1@ABV_OutputArray@31@HH@Z)，该符号在函数 "public: __thiscall FireDoor::FireDoor(class cv::String,char * *)" (??0FireDoor@@QAE@VString@cv@@PAPAD@Z) 中被引用
main.obj : error LNK2019: 无法解析的外部符号 _cvWaitKey，该符号在函数 _main 中被引用
D:\Program Files\opencv\build\x64\vc14\lib\opencv_world342d.lib : warning LNK4272: 库计算机类型“x64”与目标计算机类型“X86”冲突
F:\大学工作\实验项目\RZ002-基于图像处理的消防门安全隐患识别\FireDoorMonitor\Debug\FireDoorMonitor.exe : fatal error LNK1120: 22 个无法解析的外部命令
